[2026-03-13][09:14:40][tao::platform_impl::platform::event_loop::runner][DEBUG] NewEvents emitted without explicit RedrawEventsCleared
[2026-03-13][09:14:40][tao::platform_impl::platform::event_loop::runner][DEBUG] RedrawEventsCleared emitted without explicit MainEventsCleared
[2026-03-13][09:15:35][extism::plugin][DEBUG] input size: 55 plugin="8e55de79-c559-434c-9481-451915236d74"
[2026-03-13][09:15:35][extism::plugin][DEBUG] output offset=1566, length=11 plugin="8e55de79-c559-434c-9481-451915236d74"
[2026-03-13][09:15:35][extism::plugin][DEBUG] error offset=0, length=0 plugin="8e55de79-c559-434c-9481-451915236d74"
[2026-03-13][09:15:35][extism::plugin][DEBUG] got return code: 0 plugin="8e55de79-c559-434c-9481-451915236d74"
[2026-03-13][09:15:48][tao::platform_impl::platform::event_loop::runner][DEBUG] NewEvents emitted without explicit RedrawEventsCleared
[2026-03-13][09:15:48][tao::platform_impl::platform::event_loop::runner][DEBUG] RedrawEventsCleared emitted without explicit MainEventsCleared
[2026-03-13][09:16:10][tao::platform_impl::platform::event_loop::runner][DEBUG] NewEvents emitted without explicit RedrawEventsCleared
[2026-03-13][09:16:10][tao::platform_impl::platform::event_loop::runner][DEBUG] RedrawEventsCleared emitted without explicit MainEventsCleared
[2026-03-13][09:16:29][tao::platform_impl::platform::event_loop::runner][DEBUG] NewEvents emitted without explicit RedrawEventsCleared
[2026-03-13][09:16:29][tao::platform_impl::platform::event_loop::runner][DEBUG] RedrawEventsCleared emitted without explicit MainEventsCleared
[2026-03-13][09:17:43][tao::platform_impl::platform::event_loop::runner][DEBUG] NewEvents emitted without explicit RedrawEventsCleared
[2026-03-13][09:17:43][tao::platform_impl::platform::event_loop::runner][DEBUG] RedrawEventsCleared emitted without explicit MainEventsCleared
[2026-03-13][09:23:35][tao::platform_impl::platform::event_loop::runner][DEBUG] NewEvents emitted without explicit RedrawEventsCleared
[2026-03-13][09:23:35][tao::platform_impl::platform::event_loop::runner][DEBUG] RedrawEventsCleared emitted without explicit MainEventsCleared
[2026-03-13][09:24:35][tao::platform_impl::platform::event_loop::runner][DEBUG] NewEvents emitted without explicit RedrawEventsCleared
[2026-03-13][09:24:35][tao::platform_impl::platform::event_loop::runner][DEBUG] RedrawEventsCleared emitted without explicit MainEventsCleared
[2026-03-13][09:25:34][extism::plugin][DEBUG] input size: 52 plugin="8e55de79-c559-434c-9481-451915236d74"
[2026-03-13][09:25:34][extism::plugin][DEBUG] output offset=1541, length=11 plugin="8e55de79-c559-434c-9481-451915236d74"
[2026-03-13][09:25:34][extism::plugin][DEBUG] error offset=0, length=0 plugin="8e55de79-c559-434c-9481-451915236d74"
[2026-03-13][09:25:34][extism::plugin][DEBUG] got return code: 0 plugin="8e55de79-c559-434c-9481-451915236d74"
[2026-03-13][09:25:47][tao::platform_impl::platform::event_loop::runner][DEBUG] NewEvents emitted without explicit RedrawEventsCleared
[2026-03-13][09:25:47][tao::platform_impl::platform::event_loop::runner][DEBUG] RedrawEventsCleared emitted without explicit MainEventsCleared
[2026-03-13][09:26:38][tao::platform_impl::platform::event_loop::runner][DEBUG] NewEvents emitted without explicit RedrawEventsCleared
[2026-03-13][09:26:38][tao::platform_impl::platform::event_loop::runner][DEBUG] RedrawEventsCleared emitted without explicit MainEventsCleared
[2026-03-13][09:30:35][tao::platform_impl::platform::event_loop::runner][DEBUG] NewEvents emitted without explicit RedrawEventsCleared
[2026-03-13][09:30:35][tao::platform_impl::platform::event_loop::runner][DEBUG] RedrawEventsCleared emitted without explicit MainEventsCleared
[2026-03-13][09:31:27][tao::platform_impl::platform::event_loop::runner][DEBUG] NewEvents emitted without explicit RedrawEventsCleared
[2026-03-13][09:31:27][tao::platform_impl::platform::event_loop::runner][DEBUG] RedrawEventsCleared emitted without explicit MainEventsCleared
[2026-03-13][09:33:48][tao::platform_impl::platform::event_loop::runner][DEBUG] NewEvents emitted without explicit RedrawEventsCleared
[2026-03-13][09:33:48][tao::platform_impl::platform::event_loop::runner][DEBUG] RedrawEventsCleared emitted without explicit MainEventsCleared
[2026-03-13][09:34:11][tao::platform_impl::platform::event_loop::runner][DEBUG] NewEvents emitted without explicit RedrawEventsCleared
[2026-03-13][09:34:11][tao::platform_impl::platform::event_loop::runner][DEBUG] RedrawEventsCleared emitted without explicit MainEventsCleared
[2026-03-13][09:34:22][tao::platform_impl::platform::event_loop::runner][DEBUG] NewEvents emitted without explicit RedrawEventsCleared
[2026-03-13][09:34:22][tao::platform_impl::platform::event_loop::runner][DEBUG] RedrawEventsCleared emitted without explicit MainEventsCleared
[2026-03-13][09:34:33][tao::platform_impl::platform::event_loop::runner][DEBUG] NewEvents emitted without explicit RedrawEventsCleared
[2026-03-13][09:34:33][tao::platform_impl::platform::event_loop::runner][DEBUG] RedrawEventsCleared emitted without explicit MainEventsCleared
[2026-03-13][09:34:38][tao::platform_impl::platform::event_loop::runner][DEBUG] NewEvents emitted without explicit RedrawEventsCleared
[2026-03-13][09:34:38][tao::platform_impl::platform::event_loop::runner][DEBUG] RedrawEventsCleared emitted without explicit MainEventsCleared
[2026-03-13][09:35:35][extism::plugin][DEBUG] input size: 55 plugin="8e55de79-c559-434c-9481-451915236d74"
[2026-03-13][09:35:35][extism::plugin][DEBUG] output offset=1569, length=11 plugin="8e55de79-c559-434c-9481-451915236d74"
[2026-03-13][09:35:35][extism::plugin][DEBUG] error offset=0, length=0 plugin="8e55de79-c559-434c-9481-451915236d74"
[2026-03-13][09:35:35][extism::plugin][DEBUG] got return code: 0 plugin="8e55de79-c559-434c-9481-451915236d74"
